c:\users\jeffrey_taube\desktop\analysis\plugin-gui\plugingenerator\builds\visualstudio2013\x64\release\jucer_appearancesettings.obj
c:\users\jeffrey_taube\desktop\analysis\plugin-gui\plugingenerator\builds\visualstudio2013\x64\release\jucer_buttondocument.obj
c:\users\jeffrey_taube\desktop\analysis\plugin-gui\plugingenerator\builds\visualstudio2013\x64\release\jucer_componentlayouteditor.obj
c:\users\jeffrey_taube\desktop\analysis\plugin-gui\plugingenerator\builds\visualstudio2013\x64\release\jucer_binaryresources.obj
c:\users\jeffrey_taube\desktop\analysis\plugin-gui\plugingenerator\builds\visualstudio2013\x64\release\jucer_module.obj
c:\users\jeffrey_taube\desktop\analysis\plugin-gui\plugingenerator\builds\visualstudio2013\x64\release\jucer_codehelpers.obj
c:\users\jeffrey_taube\desktop\analysis\plugin-gui\plugingenerator\builds\visualstudio2013\x64\release\jucer_newfilewizard.obj
c:\users\jeffrey_taube\desktop\analysis\plugin-gui\plugingenerator\builds\visualstudio2013\x64\release\juce_gui_basics.obj
c:\users\jeffrey_taube\desktop\analysis\plugin-gui\plugingenerator\builds\visualstudio2013\x64\release\jucer_mainwindow.obj
c:\users\jeffrey_taube\desktop\analysis\plugin-gui\plugingenerator\builds\visualstudio2013\x64\release\jucer_colouredelement.obj
c:\users\jeffrey_taube\desktop\analysis\plugin-gui\plugingenerator\builds\visualstudio2013\x64\release\jucer_paintroutineeditor.obj
c:\users\jeffrey_taube\desktop\analysis\plugin-gui\plugingenerator\builds\visualstudio2013\x64\release\jucer_objecttypes.obj
c:\users\jeffrey_taube\desktop\analysis\plugin-gui\plugingenerator\builds\visualstudio2013\x64\release\materialbuttonlookandfeel.obj
c:\users\jeffrey_taube\desktop\analysis\plugin-gui\plugingenerator\builds\visualstudio2013\x64\release\jucer_filehelpers.obj
c:\users\jeffrey_taube\desktop\analysis\plugin-gui\plugingenerator\builds\visualstudio2013\x64\release\binarydata.obj
c:\users\jeffrey_taube\desktop\analysis\plugin-gui\plugingenerator\builds\visualstudio2013\x64\release\juce_cryptography.obj
c:\users\jeffrey_taube\desktop\analysis\plugin-gui\plugingenerator\builds\visualstudio2013\x64\release\juce_gui_extra.obj
c:\users\jeffrey_taube\desktop\analysis\plugin-gui\plugingenerator\builds\visualstudio2013\x64\release\jucer_commandline.obj
c:\users\jeffrey_taube\desktop\analysis\plugin-gui\plugingenerator\builds\visualstudio2013\x64\release\jucer_sourcecodeeditor.obj
c:\users\jeffrey_taube\desktop\analysis\plugin-gui\plugingenerator\builds\visualstudio2013\x64\release\jucer_paintelementpath.obj
c:\users\jeffrey_taube\desktop\analysis\plugin-gui\plugingenerator\builds\visualstudio2013\x64\release\jucer_componentlayout.obj
c:\users\jeffrey_taube\desktop\analysis\plugin-gui\plugingenerator\builds\visualstudio2013\x64\release\jucer_projectexporter.obj
c:\users\jeffrey_taube\desktop\analysis\plugin-gui\plugingenerator\builds\visualstudio2013\x64\release\jucer_jucertreeviewbase.obj
c:\users\jeffrey_taube\desktop\analysis\plugin-gui\plugingenerator\builds\visualstudio2013\x64\release\openephys_editortemplatesfactory.obj
c:\users\jeffrey_taube\desktop\analysis\plugin-gui\plugingenerator\builds\visualstudio2013\x64\release\jucer_globalpreferences.obj
c:\users\jeffrey_taube\desktop\analysis\plugin-gui\plugingenerator\builds\visualstudio2013\x64\release\projucer_compileengineserver.obj
c:\users\jeffrey_taube\desktop\analysis\plugin-gui\plugingenerator\builds\visualstudio2013\x64\release\jucer_paintroutinepanel.obj
c:\users\jeffrey_taube\desktop\analysis\plugin-gui\plugingenerator\builds\visualstudio2013\x64\release\jucer_paintroutine.obj
c:\users\jeffrey_taube\desktop\analysis\plugin-gui\plugingenerator\builds\visualstudio2013\x64\release\jucer_resourcefile.obj
c:\users\jeffrey_taube\desktop\analysis\plugin-gui\plugingenerator\builds\visualstudio2013\x64\release\jucer_icons.obj
c:\users\jeffrey_taube\desktop\analysis\plugin-gui\plugingenerator\builds\visualstudio2013\x64\release\openephys_editortemplatecomponent.obj
c:\users\jeffrey_taube\desktop\analysis\plugin-gui\plugingenerator\builds\visualstudio2013\x64\release\jucer_autoupdater.obj
c:\users\jeffrey_taube\desktop\analysis\plugin-gui\plugingenerator\builds\visualstudio2013\x64\release\jucer_componentdocument.obj
c:\users\jeffrey_taube\desktop\analysis\plugin-gui\plugingenerator\builds\visualstudio2013\x64\release\jucer_componentoverlaycomponent.obj
c:\users\jeffrey_taube\desktop\analysis\plugin-gui\plugingenerator\builds\visualstudio2013\x64\release\jucer_testcomponent.obj
c:\users\jeffrey_taube\desktop\analysis\plugin-gui\plugingenerator\builds\visualstudio2013\x64\release\jucer_dependencypathpropertycomponent.obj
c:\users\jeffrey_taube\desktop\analysis\plugin-gui\plugingenerator\builds\visualstudio2013\x64\release\buttongroupmanager.obj
c:\users\jeffrey_taube\desktop\analysis\plugin-gui\plugingenerator\builds\visualstudio2013\x64\release\jucer_projucerlookandfeel.obj
c:\users\jeffrey_taube\desktop\analysis\plugin-gui\plugingenerator\builds\visualstudio2013\x64\release\juce_core.obj
c:\users\jeffrey_taube\desktop\analysis\plugin-gui\plugingenerator\builds\visualstudio2013\x64\release\jucer_opendocumentmanager.obj
c:\users\jeffrey_taube\desktop\analysis\plugin-gui\plugingenerator\builds\visualstudio2013\x64\release\jucer_paintelement.obj
c:\users\jeffrey_taube\desktop\analysis\plugin-gui\plugingenerator\builds\visualstudio2013\x64\release\jucer_resourceeditorpanel.obj
c:\users\jeffrey_taube\desktop\analysis\plugin-gui\plugingenerator\builds\visualstudio2013\x64\release\parameter.obj
c:\users\jeffrey_taube\desktop\analysis\plugin-gui\plugingenerator\builds\visualstudio2013\x64\release\materialsliderlookandfeel.obj
c:\users\jeffrey_taube\desktop\analysis\plugin-gui\plugingenerator\builds\visualstudio2013\x64\release\jucer_miscutilities.obj
c:\users\jeffrey_taube\desktop\analysis\plugin-gui\plugingenerator\builds\visualstudio2013\x64\release\juce_graphics.obj
c:\users\jeffrey_taube\desktop\analysis\plugin-gui\plugingenerator\builds\visualstudio2013\x64\release\jucer_documenteditorcomponent.obj
c:\users\jeffrey_taube\desktop\analysis\plugin-gui\plugingenerator\builds\visualstudio2013\x64\release\jucer_componenttypehandler.obj
c:\users\jeffrey_taube\desktop\analysis\plugin-gui\plugingenerator\builds\visualstudio2013\x64\release\jucer_editingpanelbase.obj
c:\users\jeffrey_taube\desktop\analysis\plugin-gui\plugingenerator\builds\visualstudio2013\x64\release\jucer_generatedcode.obj
c:\users\jeffrey_taube\desktop\analysis\plugin-gui\plugingenerator\builds\visualstudio2013\x64\release\jucer_project.obj
c:\users\jeffrey_taube\desktop\analysis\plugin-gui\plugingenerator\builds\visualstudio2013\x64\release\linearbuttongroupmanager.obj
c:\users\jeffrey_taube\desktop\analysis\plugin-gui\plugingenerator\builds\visualstudio2013\x64\release\jucer_slidingpanelcomponent.obj
c:\users\jeffrey_taube\desktop\analysis\plugin-gui\plugingenerator\builds\visualstudio2013\x64\release\juce_data_structures.obj
c:\users\jeffrey_taube\desktop\analysis\plugin-gui\plugingenerator\builds\visualstudio2013\x64\release\oe_gui_moonshard.obj
c:\users\jeffrey_taube\desktop\analysis\plugin-gui\plugingenerator\builds\visualstudio2013\x64\release\projucer_compileengineclient.obj
c:\users\jeffrey_taube\desktop\analysis\plugin-gui\plugingenerator\builds\visualstudio2013\x64\release\jucer_jucerdocumenteditor.obj
c:\users\jeffrey_taube\desktop\analysis\plugin-gui\plugingenerator\builds\visualstudio2013\x64\release\jucer_jucerdocument.obj
c:\users\jeffrey_taube\desktop\analysis\plugin-gui\plugingenerator\builds\visualstudio2013\x64\release\jucer_projectsaver.obj
c:\users\jeffrey_taube\desktop\analysis\plugin-gui\plugingenerator\builds\visualstudio2013\x64\release\tiledbuttongroupmanager.obj
c:\users\jeffrey_taube\desktop\analysis\plugin-gui\plugingenerator\builds\visualstudio2013\x64\release\jucer_storedsettings.obj
c:\users\jeffrey_taube\desktop\analysis\plugin-gui\plugingenerator\builds\visualstudio2013\x64\release\juce_events.obj
c:\users\jeffrey_taube\desktop\analysis\plugin-gui\plugingenerator\builds\visualstudio2013\x64\release\vc120.pdb
c:\users\jeffrey_taube\desktop\analysis\plugin-gui\plugingenerator\builds\visualstudio2013\x64\release\openephy.26abe2a4.tlog\cl.command.1.tlog
c:\users\jeffrey_taube\desktop\analysis\plugin-gui\plugingenerator\builds\visualstudio2013\x64\release\openephy.26abe2a4.tlog\cl.read.1.tlog
c:\users\jeffrey_taube\desktop\analysis\plugin-gui\plugingenerator\builds\visualstudio2013\x64\release\openephy.26abe2a4.tlog\cl.write.1.tlog
